[ 2016-08-09T21:45:56+08:00 ] ::1 /wordpress/API/Home/Article/getServerDbVersion/
INFO: [ app_init ] --START--
INFO: Run Behavior\BuildLiteBehavior [ RunTime:0.000000s ]
INFO: [ app_init ] --END-- [ RunTime:0.018001s ]
INFO: [ app_begin ] --START--
INFO: Run Behavior\ReadHtmlCacheBehavior [ RunTime:0.001000s ]
INFO: [ app_begin ] --END-- [ RunTime:0.002000s ]
SQL: SHOW COLUMNS FROM `wp_posts` [ RunTime:0.0030s ]
SQL: SELECT `post_modified` FROM `wp_posts` WHERE `post_status` = 'publish'  [ RunTime:0.0000s ]
NOTIC: [8] Undefined index: update_time E:\xampp\htdocs\wordpress\API\Application\Home\Controller\ArticleController.class.php 第 100 行.
NOTIC: [8] Undefined index: update_time E:\xampp\htdocs\wordpress\API\Application\Home\Controller\ArticleController.class.php 第 100 行.
NOTIC: [8] Undefined index: update_time E:\xampp\htdocs\wordpress\API\Application\Home\Controller\ArticleController.class.php 第 100 行.
INFO: [ app_end ] --START--
INFO: Run Behavior\ShowPageTraceBehavior [ RunTime:0.001000s ]
INFO: [ app_end ] --END-- [ RunTime:0.002000s ]

[ 2016-08-09T21:46:42+08:00 ] ::1 /wordpress/API/Home/Article/getServerDbVersion/
INFO: [ app_init ] --START--
INFO: Run Behavior\BuildLiteBehavior [ RunTime:0.000000s ]
INFO: [ app_init ] --END-- [ RunTime:0.002000s ]
INFO: [ app_begin ] --START--
INFO: Run Behavior\ReadHtmlCacheBehavior [ RunTime:0.001000s ]
INFO: [ app_begin ] --END-- [ RunTime:0.002000s ]
SQL: SHOW COLUMNS FROM `wp_posts` [ RunTime:0.0220s ]
SQL: SELECT `post_modified` FROM `wp_posts` WHERE `post_status` = 'publish'  [ RunTime:0.0010s ]
INFO: [ app_end ] --START--
INFO: Run Behavior\ShowPageTraceBehavior [ RunTime:0.001000s ]
INFO: [ app_end ] --END-- [ RunTime:0.001000s ]

[ 2016-08-09T21:47:01+08:00 ] ::1 /wordpress/API/Home/Article/getPostsCount/
INFO: [ app_init ] --START--
INFO: Run Behavior\BuildLiteBehavior [ RunTime:0.000000s ]
INFO: [ app_init ] --END-- [ RunTime:0.002000s ]
INFO: [ app_begin ] --START--
INFO: Run Behavior\ReadHtmlCacheBehavior [ RunTime:0.001000s ]
INFO: [ app_begin ] --END-- [ RunTime:0.002000s ]
SQL: SHOW COLUMNS FROM `wp_posts` [ RunTime:0.0020s ]
SQL: SELECT COUNT(*) AS tp_count FROM `wp_posts` WHERE `post_status` = 'publish' LIMIT 1   [ RunTime:0.0000s ]

[ 2016-08-09T21:48:57+08:00 ] ::1 /wordpress/API/Home/Article/getServerDbVersion/
INFO: [ app_init ] --START--
INFO: Run Behavior\BuildLiteBehavior [ RunTime:0.000000s ]
INFO: [ app_init ] --END-- [ RunTime:0.002000s ]
INFO: [ app_begin ] --START--
INFO: Run Behavior\ReadHtmlCacheBehavior [ RunTime:0.002000s ]
INFO: [ app_begin ] --END-- [ RunTime:0.003000s ]
SQL: SHOW COLUMNS FROM `wp_posts` [ RunTime:0.0020s ]
SQL: SELECT `post_modified` FROM `wp_posts` WHERE `post_status` = 'publish'  [ RunTime:0.0000s ]
INFO: [ app_end ] --START--
INFO: Run Behavior\ShowPageTraceBehavior [ RunTime:0.001000s ]
INFO: [ app_end ] --END-- [ RunTime:0.002000s ]

[ 2016-08-09T21:50:36+08:00 ] ::1 /wordpress/API/Home/Article/getServerDbVersion/
INFO: [ app_init ] --START--
INFO: Run Behavior\BuildLiteBehavior [ RunTime:0.000000s ]
INFO: [ app_init ] --END-- [ RunTime:0.002000s ]
INFO: [ app_begin ] --START--
INFO: Run Behavior\ReadHtmlCacheBehavior [ RunTime:0.001000s ]
INFO: [ app_begin ] --END-- [ RunTime:0.001000s ]
SQL: SHOW COLUMNS FROM `wp_posts` [ RunTime:0.0120s ]
SQL: SELECT `post_modified` FROM `wp_posts` WHERE `post_status` = 'publish'  [ RunTime:0.0000s ]
INFO: [ app_end ] --START--
INFO: Run Behavior\ShowPageTraceBehavior [ RunTime:0.001000s ]
INFO: [ app_end ] --END-- [ RunTime:0.001000s ]

[ 2016-08-09T21:51:31+08:00 ] ::1 /wordpress/API/Home/Article/getServerDbVersion/
INFO: [ app_init ] --START--
INFO: Run Behavior\BuildLiteBehavior [ RunTime:0.001000s ]
INFO: [ app_init ] --END-- [ RunTime:0.002000s ]
INFO: [ app_begin ] --START--
INFO: Run Behavior\ReadHtmlCacheBehavior [ RunTime:0.001000s ]
INFO: [ app_begin ] --END-- [ RunTime:0.002000s ]
SQL: SHOW COLUMNS FROM `wp_posts` [ RunTime:0.0020s ]
SQL: SELECT `post_modified` FROM `wp_posts` WHERE `post_status` = 'publish'  [ RunTime:0.0010s ]
SQL: SELECT COUNT(*) AS tp_count FROM `wp_posts` WHERE `post_status` = 'publish' LIMIT 1   [ RunTime:0.0000s ]

[ 2016-08-09T21:51:37+08:00 ] ::1 /wordpress/API/Home/Article/getServerDbVersion/
INFO: [ app_init ] --START--
INFO: Run Behavior\BuildLiteBehavior [ RunTime:0.000000s ]
INFO: [ app_init ] --END-- [ RunTime:0.004000s ]
INFO: [ app_begin ] --START--
INFO: Run Behavior\ReadHtmlCacheBehavior [ RunTime:0.002000s ]
INFO: [ app_begin ] --END-- [ RunTime:0.004000s ]
SQL: SHOW COLUMNS FROM `wp_posts` [ RunTime:0.0030s ]
SQL: SELECT `post_modified` FROM `wp_posts` WHERE `post_status` = 'publish'  [ RunTime:0.0010s ]
SQL: SELECT COUNT(*) AS tp_count FROM `wp_posts` WHERE `post_status` = 'publish' LIMIT 1   [ RunTime:0.0010s ]

[ 2016-08-09T21:51:44+08:00 ] ::1 /wordpress/API/Home/Article/getServerDbVersion/
INFO: [ app_init ] --START--
INFO: Run Behavior\BuildLiteBehavior [ RunTime:0.000000s ]
INFO: [ app_init ] --END-- [ RunTime:0.003000s ]
INFO: [ app_begin ] --START--
INFO: Run Behavior\ReadHtmlCacheBehavior [ RunTime:0.000000s ]
INFO: [ app_begin ] --END-- [ RunTime:0.002000s ]
SQL: SHOW COLUMNS FROM `wp_posts` [ RunTime:0.0020s ]
SQL: SELECT `post_modified` FROM `wp_posts` WHERE `post_status` = 'publish'  [ RunTime:0.0000s ]
SQL: SELECT COUNT(*) AS tp_count FROM `wp_posts` WHERE `post_status` = 'publish' LIMIT 1   [ RunTime:0.0000s ]

[ 2016-08-09T21:51:51+08:00 ] ::1 /wordpress/API/Home/Article/getServerDbVersion/
INFO: [ app_init ] --START--
INFO: Run Behavior\BuildLiteBehavior [ RunTime:0.000000s ]
INFO: [ app_init ] --END-- [ RunTime:0.003000s ]
INFO: [ app_begin ] --START--
INFO: Run Behavior\ReadHtmlCacheBehavior [ RunTime:0.002000s ]
INFO: [ app_begin ] --END-- [ RunTime:0.004000s ]
SQL: SHOW COLUMNS FROM `wp_posts` [ RunTime:0.0150s ]
SQL: SELECT `post_modified` FROM `wp_posts` WHERE `post_status` = 'publish'  [ RunTime:0.0000s ]
SQL: SELECT COUNT(*) AS tp_count FROM `wp_posts` WHERE `post_status` = 'publish' LIMIT 1   [ RunTime:0.0000s ]

[ 2016-08-09T21:59:18+08:00 ] ::1 /wordpress/API/Home/Article/getServerDbVersion/
INFO: [ app_init ] --START--
INFO: Run Behavior\BuildLiteBehavior [ RunTime:0.000000s ]
INFO: [ app_init ] --END-- [ RunTime:0.002000s ]
INFO: [ app_begin ] --START--
INFO: Run Behavior\ReadHtmlCacheBehavior [ RunTime:0.001000s ]
INFO: [ app_begin ] --END-- [ RunTime:0.001000s ]
SQL: SHOW COLUMNS FROM `wp_posts` [ RunTime:0.0020s ]
SQL: SELECT `post_modified` FROM `wp_posts` WHERE `post_status` = 'publish'  [ RunTime:0.0010s ]
SQL: SELECT COUNT(*) AS tp_count FROM `wp_posts` WHERE `post_status` = 'publish' LIMIT 1   [ RunTime:0.0000s ]

[ 2016-08-09T22:03:18+08:00 ] ::1 /wordpress/API/Home/Article/getPostById/articleId/6
INFO: [ app_init ] --START--
INFO: Run Behavior\BuildLiteBehavior [ RunTime:0.000000s ]
INFO: [ app_init ] --END-- [ RunTime:0.002000s ]
INFO: [ app_begin ] --START--
INFO: Run Behavior\ReadHtmlCacheBehavior [ RunTime:0.001001s ]
INFO: [ app_begin ] --END-- [ RunTime:0.001001s ]
SQL: SHOW COLUMNS FROM `wp_posts` [ RunTime:0.0020s ]
SQL: SELECT `id`,`post_content`,`post_title`,`post_date` FROM `wp_posts` WHERE `ID` = '6' AND `post_status` = 'publish' LIMIT 1   [ RunTime:0.0000s ]

[ 2016-08-09T22:03:23+08:00 ] ::1 /wordpress/API/Home/Article/getPostById/articleId/5
INFO: [ app_init ] --START--
INFO: Run Behavior\BuildLiteBehavior [ RunTime:0.000000s ]
INFO: [ app_init ] --END-- [ RunTime:0.002000s ]
INFO: [ app_begin ] --START--
INFO: Run Behavior\ReadHtmlCacheBehavior [ RunTime:0.001000s ]
INFO: [ app_begin ] --END-- [ RunTime:0.002000s ]
SQL: SHOW COLUMNS FROM `wp_posts` [ RunTime:0.0020s ]
SQL: SELECT `id`,`post_content`,`post_title`,`post_date` FROM `wp_posts` WHERE `ID` = '5' AND `post_status` = 'publish' LIMIT 1   [ RunTime:0.0000s ]

[ 2016-08-09T22:28:46+08:00 ] ::1 /wordpress/API/Home/Article/getPostById/articleId/5
INFO: [ app_init ] --START--
INFO: Run Behavior\BuildLiteBehavior [ RunTime:0.001000s ]
INFO: [ app_init ] --END-- [ RunTime:0.002000s ]
INFO: [ app_begin ] --START--
INFO: Run Behavior\ReadHtmlCacheBehavior [ RunTime:0.002000s ]
INFO: [ app_begin ] --END-- [ RunTime:0.004001s ]
SQL: SHOW COLUMNS FROM `wp_posts` [ RunTime:0.0030s ]
SQL: SELECT `id`,`post_content`,`post_title`,`post_date` FROM `wp_posts` WHERE `ID` = '5' AND `post_status` = 'publish' LIMIT 1   [ RunTime:0.0000s ]

[ 2016-08-09T22:28:49+08:00 ] ::1 /wordpress/API/Home/Article/getPostById/articleId/5
INFO: [ app_init ] --START--
INFO: Run Behavior\BuildLiteBehavior [ RunTime:0.001000s ]
INFO: [ app_init ] --END-- [ RunTime:0.003000s ]
INFO: [ app_begin ] --START--
INFO: Run Behavior\ReadHtmlCacheBehavior [ RunTime:0.001000s ]
INFO: [ app_begin ] --END-- [ RunTime:0.002000s ]
SQL: SHOW COLUMNS FROM `wp_posts` [ RunTime:0.0210s ]
SQL: SELECT `id`,`post_content`,`post_title`,`post_date` FROM `wp_posts` WHERE `ID` = '5' AND `post_status` = 'publish' LIMIT 1   [ RunTime:0.0010s ]

[ 2016-08-09T22:47:20+08:00 ] ::1 /wordpress/API/Home/Article/getPostsAfterId/articleId/1
INFO: [ app_init ] --START--
INFO: Run Behavior\BuildLiteBehavior [ RunTime:0.000000s ]
INFO: [ app_init ] --END-- [ RunTime:0.002000s ]
INFO: [ app_begin ] --START--
INFO: Run Behavior\ReadHtmlCacheBehavior [ RunTime:0.001001s ]
INFO: [ app_begin ] --END-- [ RunTime:0.002001s ]
SQL: SHOW COLUMNS FROM `wp_posts` [ RunTime:0.0020s ]
SQL: SELECT `id`,`post_content`,`post_title`,`post_date` FROM `wp_posts` WHERE `post_status` = 'publish' AND `ID` > '1'  [ RunTime:0.0000s ]
NOTIC: [8] Undefined index: id E:\xampp\htdocs\wordpress\API\Application\Home\Controller\ArticleController.class.php 第 74 行.

[ 2016-08-09T22:47:40+08:00 ] ::1 /wordpress/API/Home/Article/getPostsAfterId/articleId/1
INFO: [ app_init ] --START--
INFO: Run Behavior\BuildLiteBehavior [ RunTime:0.000000s ]
INFO: [ app_init ] --END-- [ RunTime:0.002000s ]
INFO: [ app_begin ] --START--
INFO: Run Behavior\ReadHtmlCacheBehavior [ RunTime:0.001000s ]
INFO: [ app_begin ] --END-- [ RunTime:0.002000s ]
SQL: SHOW COLUMNS FROM `wp_posts` [ RunTime:0.0130s ]
SQL: SELECT `id`,`post_content`,`post_title`,`post_date` FROM `wp_posts` WHERE `post_status` = 'publish' AND `ID` > '1'  [ RunTime:0.0000s ]
NOTIC: [8] Undefined index: id E:\xampp\htdocs\wordpress\API\Application\Home\Controller\ArticleController.class.php 第 74 行.

[ 2016-08-09T22:48:03+08:00 ] ::1 /wordpress/API/Home/Article/getPostsAfterId/articleId/1
INFO: [ app_init ] --START--
INFO: Run Behavior\BuildLiteBehavior [ RunTime:0.000000s ]
INFO: [ app_init ] --END-- [ RunTime:0.002000s ]
INFO: [ app_begin ] --START--
INFO: Run Behavior\ReadHtmlCacheBehavior [ RunTime:0.002000s ]
INFO: [ app_begin ] --END-- [ RunTime:0.002000s ]
SQL: SHOW COLUMNS FROM `wp_posts` [ RunTime:0.0020s ]
SQL: SELECT `id`,`post_content`,`post_title`,`post_date` FROM `wp_posts` WHERE `post_status` = 'publish' AND `ID` > '1'  [ RunTime:0.0120s ]
NOTIC: [8] Undefined index: id E:\xampp\htdocs\wordpress\API\Application\Home\Controller\ArticleController.class.php 第 74 行.

[ 2016-08-09T22:48:23+08:00 ] ::1 /wordpress/API/Home/Article/getPostsAfterId/articleId/1
INFO: [ app_init ] --START--
INFO: Run Behavior\BuildLiteBehavior [ RunTime:0.001000s ]
INFO: [ app_init ] --END-- [ RunTime:0.002000s ]
INFO: [ app_begin ] --START--
INFO: Run Behavior\ReadHtmlCacheBehavior [ RunTime:0.001000s ]
INFO: [ app_begin ] --END-- [ RunTime:0.003001s ]
SQL: SHOW COLUMNS FROM `wp_posts` [ RunTime:0.0240s ]
SQL: SELECT `id`,`post_content`,`post_title`,`post_date` FROM `wp_posts` WHERE `post_status` = 'publish' AND `ID` > '1'  [ RunTime:0.0000s ]
NOTIC: [8] Undefined index: id E:\xampp\htdocs\wordpress\API\Application\Home\Controller\ArticleController.class.php 第 74 行.

[ 2016-08-09T22:49:37+08:00 ] ::1 /wordpress/API/Home/Article/getPostById/articleId/5
INFO: [ app_init ] --START--
INFO: Run Behavior\BuildLiteBehavior [ RunTime:0.000000s ]
INFO: [ app_init ] --END-- [ RunTime:0.003000s ]
INFO: [ app_begin ] --START--
INFO: Run Behavior\ReadHtmlCacheBehavior [ RunTime:0.002000s ]
INFO: [ app_begin ] --END-- [ RunTime:0.004000s ]
SQL: SHOW COLUMNS FROM `wp_posts` [ RunTime:0.0020s ]
SQL: SELECT `id`,`post_content`,`post_title`,`post_date` FROM `wp_posts` WHERE `ID` = '5' AND `post_status` = 'publish' LIMIT 1   [ RunTime:0.0000s ]

[ 2016-08-09T22:49:59+08:00 ] ::1 /wordpress/API/Home/Article/getPostById/articleId/5
INFO: [ app_init ] --START--
INFO: Run Behavior\BuildLiteBehavior [ RunTime:0.000000s ]
INFO: [ app_init ] --END-- [ RunTime:0.002000s ]
INFO: [ app_begin ] --START--
INFO: Run Behavior\ReadHtmlCacheBehavior [ RunTime:0.001000s ]
INFO: [ app_begin ] --END-- [ RunTime:0.002000s ]
SQL: SHOW COLUMNS FROM `wp_posts` [ RunTime:0.0310s ]
SQL: SELECT `id`,`post_content`,`post_title`,`post_date` FROM `wp_posts` WHERE `ID` = '5' AND `post_status` = 'publish' LIMIT 1   [ RunTime:0.0010s ]

[ 2016-08-09T22:50:22+08:00 ] ::1 /wordpress/API/Home/Article/getPostById/articleId/5
INFO: [ app_init ] --START--
INFO: Run Behavior\BuildLiteBehavior [ RunTime:0.000000s ]
INFO: [ app_init ] --END-- [ RunTime:0.003000s ]
INFO: [ app_begin ] --START--
INFO: Run Behavior\ReadHtmlCacheBehavior [ RunTime:0.001000s ]
INFO: [ app_begin ] --END-- [ RunTime:0.003001s ]
SQL: SHOW COLUMNS FROM `wp_posts` [ RunTime:0.0030s ]
SQL: SELECT `id`,`post_content`,`post_title`,`post_date` FROM `wp_posts` WHERE `ID` = '5' AND `post_status` = 'publish' LIMIT 1   [ RunTime:0.0000s ]
INFO: [ app_end ] --START--
INFO: Run Behavior\ShowPageTraceBehavior [ RunTime:0.002000s ]
INFO: [ app_end ] --END-- [ RunTime:0.002000s ]

[ 2016-08-09T22:52:18+08:00 ] ::1 /wordpress/API/Home/Article/getPostById/articleId/5
INFO: [ app_init ] --START--
INFO: Run Behavior\BuildLiteBehavior [ RunTime:0.000000s ]
INFO: [ app_init ] --END-- [ RunTime:0.003001s ]
INFO: [ app_begin ] --START--
INFO: Run Behavior\ReadHtmlCacheBehavior [ RunTime:0.002000s ]
INFO: [ app_begin ] --END-- [ RunTime:0.004000s ]
SQL: SHOW COLUMNS FROM `wp_posts` [ RunTime:0.0100s ]
SQL: SELECT `id`,`post_content`,`post_title`,`post_date` FROM `wp_posts` WHERE `ID` = '5' AND `post_status` = 'publish' LIMIT 1   [ RunTime:0.0010s ]

[ 2016-08-09T22:52:52+08:00 ] ::1 /wordpress/API/Home/Article/getPostById/articleId/5
INFO: [ app_init ] --START--
INFO: Run Behavior\BuildLiteBehavior [ RunTime:0.000000s ]
INFO: [ app_init ] --END-- [ RunTime:0.003000s ]
INFO: [ app_begin ] --START--
INFO: Run Behavior\ReadHtmlCacheBehavior [ RunTime:0.002000s ]
INFO: [ app_begin ] --END-- [ RunTime:0.004000s ]
SQL: SHOW COLUMNS FROM `wp_posts` [ RunTime:0.0090s ]
SQL: SELECT `id`,`post_content`,`post_title`,`post_date` FROM `wp_posts` WHERE `ID` = '5' AND `post_status` = 'publish' LIMIT 1   [ RunTime:0.0000s ]
INFO: [ app_end ] --START--
INFO: Run Behavior\ShowPageTraceBehavior [ RunTime:0.017001s ]
INFO: [ app_end ] --END-- [ RunTime:0.017001s ]

[ 2016-08-09T22:54:51+08:00 ] ::1 /wordpress/API/Home/Article/getPostById/articleId/5
INFO: [ app_init ] --START--
INFO: Run Behavior\BuildLiteBehavior [ RunTime:0.000000s ]
INFO: [ app_init ] --END-- [ RunTime:0.015001s ]
INFO: [ app_begin ] --START--
INFO: Run Behavior\ReadHtmlCacheBehavior [ RunTime:0.002000s ]
INFO: [ app_begin ] --END-- [ RunTime:0.002000s ]
SQL: SHOW COLUMNS FROM `wp_posts` [ RunTime:0.0130s ]
SQL: SELECT `id`,`post_content`,`post_title`,`post_date` FROM `wp_posts` WHERE `ID` = '5' AND `post_status` = 'publish' LIMIT 1   [ RunTime:0.0000s ]
INFO: [ app_end ] --START--
INFO: Run Behavior\ShowPageTraceBehavior [ RunTime:0.023001s ]
INFO: [ app_end ] --END-- [ RunTime:0.024001s ]

[ 2016-08-09T22:55:42+08:00 ] ::1 /wordpress/API/Home/Article/getPostById/articleId/5
INFO: [ app_init ] --START--
INFO: Run Behavior\BuildLiteBehavior [ RunTime:0.000000s ]
INFO: [ app_init ] --END-- [ RunTime:0.003000s ]
INFO: [ app_begin ] --START--
INFO: Run Behavior\ReadHtmlCacheBehavior [ RunTime:0.002001s ]
INFO: [ app_begin ] --END-- [ RunTime:0.003001s ]
SQL: SHOW COLUMNS FROM `wp_posts` [ RunTime:0.0030s ]
SQL: SELECT `id`,`post_content`,`post_title`,`post_date` FROM `wp_posts` WHERE `ID` = '5' AND `post_status` = 'publish' LIMIT 1   [ RunTime:0.0000s ]
INFO: [ app_end ] --START--
INFO: Run Behavior\ShowPageTraceBehavior [ RunTime:0.002000s ]
INFO: [ app_end ] --END-- [ RunTime:0.002000s ]

[ 2016-08-09T22:56:04+08:00 ] ::1 /wordpress/API/Home/Article/getPostById/articleId/5
INFO: [ app_init ] --START--
INFO: Run Behavior\BuildLiteBehavior [ RunTime:0.000000s ]
INFO: [ app_init ] --END-- [ RunTime:0.003000s ]
INFO: [ app_begin ] --START--
INFO: Run Behavior\ReadHtmlCacheBehavior [ RunTime:0.002000s ]
INFO: [ app_begin ] --END-- [ RunTime:0.003000s ]
SQL: SHOW COLUMNS FROM `wp_posts` [ RunTime:0.0130s ]
SQL: SELECT `id`,`post_content`,`post_title`,`post_date` FROM `wp_posts` WHERE `ID` = '5' AND `post_status` = 'publish' LIMIT 1   [ RunTime:0.0010s ]
INFO: [ app_end ] --START--
INFO: Run Behavior\ShowPageTraceBehavior [ RunTime:0.025001s ]
INFO: [ app_end ] --END-- [ RunTime:0.026001s ]

[ 2016-08-09T22:56:50+08:00 ] ::1 /wordpress/API/Home/Article/getPostById/articleId/5
INFO: [ app_init ] --START--
INFO: Run Behavior\BuildLiteBehavior [ RunTime:0.001000s ]
INFO: [ app_init ] --END-- [ RunTime:0.004000s ]
INFO: [ app_begin ] --START--
INFO: Run Behavior\ReadHtmlCacheBehavior [ RunTime:0.002000s ]
INFO: [ app_begin ] --END-- [ RunTime:0.003000s ]
SQL: SHOW COLUMNS FROM `wp_posts` [ RunTime:0.0020s ]
SQL: SELECT `id`,`post_content`,`post_title`,`post_date` FROM `wp_posts` WHERE `ID` = '5' AND `post_status` = 'publish' LIMIT 1   [ RunTime:0.0010s ]

[ 2016-08-09T22:57:12+08:00 ] ::1 /wordpress/API/Home/Article/getPostById/articleId/5
INFO: [ app_init ] --START--
INFO: Run Behavior\BuildLiteBehavior [ RunTime:0.001000s ]
INFO: [ app_init ] --END-- [ RunTime:0.002000s ]
INFO: [ app_begin ] --START--
INFO: Run Behavior\ReadHtmlCacheBehavior [ RunTime:0.003000s ]
INFO: [ app_begin ] --END-- [ RunTime:0.004000s ]
SQL: SHOW COLUMNS FROM `wp_posts` [ RunTime:0.0020s ]
SQL: SELECT `id`,`post_content`,`post_title`,`post_date` FROM `wp_posts` WHERE `ID` = '5' AND `post_status` = 'publish' LIMIT 1   [ RunTime:0.0000s ]

[ 2016-08-09T22:59:47+08:00 ] ::1 /wordpress/API/Home/Article/getPostById/articleId/5
INFO: [ app_init ] --START--
INFO: Run Behavior\BuildLiteBehavior [ RunTime:0.000000s ]
INFO: [ app_init ] --END-- [ RunTime:0.002000s ]
INFO: [ app_begin ] --START--
INFO: Run Behavior\ReadHtmlCacheBehavior [ RunTime:0.001000s ]
INFO: [ app_begin ] --END-- [ RunTime:0.002001s ]
SQL: SHOW COLUMNS FROM `wp_posts` [ RunTime:0.0020s ]
SQL: SELECT `id`,`post_content`,`post_title`,`post_date` FROM `wp_posts` WHERE `ID` = '5' AND `post_status` = 'publish' LIMIT 1   [ RunTime:0.0000s ]

[ 2016-08-09T22:59:53+08:00 ] ::1 /wordpress/API/Home/Article/getPostById/articleId/5
INFO: [ app_init ] --START--
INFO: Run Behavior\BuildLiteBehavior [ RunTime:0.000000s ]
INFO: [ app_init ] --END-- [ RunTime:0.003001s ]
INFO: [ app_begin ] --START--
INFO: Run Behavior\ReadHtmlCacheBehavior [ RunTime:0.003000s ]
INFO: [ app_begin ] --END-- [ RunTime:0.004001s ]
SQL: SHOW COLUMNS FROM `wp_posts` [ RunTime:0.0150s ]
SQL: SELECT `id`,`post_content`,`post_title`,`post_date` FROM `wp_posts` WHERE `ID` = '5' AND `post_status` = 'publish' LIMIT 1   [ RunTime:0.0010s ]

[ 2016-08-09T23:03:59+08:00 ] ::1 /wordpress/API/Home/Article/getAllPosts/
INFO: [ app_init ] --START--
INFO: Run Behavior\BuildLiteBehavior [ RunTime:0.000000s ]
INFO: [ app_init ] --END-- [ RunTime:0.003000s ]
INFO: [ app_begin ] --START--
INFO: Run Behavior\ReadHtmlCacheBehavior [ RunTime:0.003000s ]
INFO: [ app_begin ] --END-- [ RunTime:0.005000s ]
SQL: SHOW COLUMNS FROM `wp_posts` [ RunTime:0.0040s ]
SQL: SELECT `id`,`post_content`,`post_title`,`post_date` FROM `wp_posts` WHERE `post_status` = 'publish'  [ RunTime:0.0010s ]

[ 2016-08-09T23:07:25+08:00 ] ::1 /wordpress/API/Home/Article/getAllPosts/
INFO: [ app_init ] --START--
INFO: Run Behavior\BuildLiteBehavior [ RunTime:0.001000s ]
INFO: [ app_init ] --END-- [ RunTime:0.002000s ]
INFO: [ app_begin ] --START--
INFO: Run Behavior\ReadHtmlCacheBehavior [ RunTime:0.002000s ]
INFO: [ app_begin ] --END-- [ RunTime:0.002000s ]
SQL: SHOW COLUMNS FROM `wp_posts` [ RunTime:0.0150s ]
SQL: SELECT `id`,`post_content`,`post_title`,`post_date` FROM `wp_posts` WHERE `post_status` = 'publish'  [ RunTime:0.0000s ]

[ 2016-08-09T23:07:32+08:00 ] ::1 /wordpress/API/Home/Article/getPostsAfterId/articleId/1
INFO: [ app_init ] --START--
INFO: Run Behavior\BuildLiteBehavior [ RunTime:0.000000s ]
INFO: [ app_init ] --END-- [ RunTime:0.019001s ]
INFO: [ app_begin ] --START--
INFO: Run Behavior\ReadHtmlCacheBehavior [ RunTime:0.002001s ]
INFO: [ app_begin ] --END-- [ RunTime:0.002001s ]
SQL: SHOW COLUMNS FROM `wp_posts` [ RunTime:0.0120s ]
SQL: SELECT `id`,`post_content`,`post_title`,`post_date` FROM `wp_posts` WHERE `post_status` = 'publish' AND `ID` > '1'  [ RunTime:0.0000s ]

